2021-08-01 12:59:33,073 INFO __main__ MainThread : Seguindo arquivos a serem zipados: 
2021-08-01 12:59:33,073 INFO __main__ MainThread : C:/NFs/35210736196281000147550010000000421181202101-cancelada.pdf
2021-08-01 12:59:33,196 INFO __main__ MainThread : C:/NFs/35210736196281000147550010000000421181202101-nfe-cancelada.xml
2021-08-01 12:59:33,203 INFO __main__ MainThread : C:/NFs/35210736196281000147550010000000421181202101-nfe.xml
2021-08-01 12:59:33,209 INFO __main__ MainThread : C:/NFs/35210736196281000147550010000000421181202101.pdf
2021-08-01 12:59:33,216 INFO __main__ MainThread : C:/NFs/35210736196281000147550010000000431181202109-nfe.xml
2021-08-01 12:59:33,222 INFO __main__ MainThread : C:/NFs/35210736196281000147550010000000431181202109.pdf
2021-08-01 12:59:33,229 INFO __main__ MainThread : C:/NFs/35210736196281000147550010000000441185202100-longping.pdf
2021-08-01 12:59:33,237 INFO __main__ MainThread : C:/NFs/35210736196281000147550010000000441185202100-nfe-longping.xml
2021-08-01 12:59:33,243 INFO __main__ MainThread : C:/NFs/35210736196281000147550010000000451192202100-nfe.xml
2021-08-01 12:59:33,249 INFO __main__ MainThread : C:/NFs/35210736196281000147550010000000451192202100.pdf
2021-08-01 12:59:33,255 INFO __main__ MainThread : Todos os arquivos foram zipados com sucesso!
2021-08-01 12:59:33,255 INFO __main__ MainThread : Criando objeto servidor...
2021-08-01 12:59:33,290 INFO __main__ MainThread : Login...
2021-08-01 12:59:33,350 INFO __main__ MainThread : Criando mensagem...
2021-08-01 12:59:33,350 INFO __main__ MainThread : Adicionando texto...
2021-08-01 12:59:33,351 INFO __main__ MainThread : Obtendo arquivo...
2021-08-01 12:59:33,365 INFO __main__ MainThread : Lendo arquivo...
2021-08-01 12:59:33,371 INFO __main__ MainThread : Adicionando arquivo ao email...
2021-08-01 12:59:33,372 INFO __main__ MainThread : Enviando mensagem...
2021-08-01 12:59:34,712 INFO __main__ MainThread : Mensagem enviada!
2021-08-01 12:59:34,726 INFO __main__ MainThread : Limpnado pasta temporaria...
2021-08-01 12:59:34,733 INFO __main__ MainThread : Pasta temporaria limpa com sucesso!
2021-08-06 19:15:48,722 INFO __main__ MainThread : Seguindo arquivos a serem zipados: 
2021-08-06 19:15:48,737 INFO __main__ MainThread : C:/NFs/35210736196281000147550010000000421181202101-cancelada.pdf
2021-08-06 19:15:48,906 INFO __main__ MainThread : C:/NFs/35210736196281000147550010000000421181202101-nfe-cancelada.xml
2021-08-06 19:15:48,913 INFO __main__ MainThread : C:/NFs/35210736196281000147550010000000421181202101-nfe.xml
2021-08-06 19:15:48,920 INFO __main__ MainThread : C:/NFs/35210736196281000147550010000000421181202101.pdf
2021-08-06 19:15:48,927 INFO __main__ MainThread : C:/NFs/35210736196281000147550010000000431181202109-nfe.xml
2021-08-06 19:15:48,933 INFO __main__ MainThread : C:/NFs/35210736196281000147550010000000431181202109.pdf
2021-08-06 19:15:48,940 INFO __main__ MainThread : C:/NFs/35210736196281000147550010000000441185202100-longping.pdf
2021-08-06 19:15:48,947 INFO __main__ MainThread : C:/NFs/35210736196281000147550010000000441185202100-nfe-longping.xml
2021-08-06 19:15:48,955 INFO __main__ MainThread : C:/NFs/35210736196281000147550010000000451192202100-nfe.xml
2021-08-06 19:15:48,961 INFO __main__ MainThread : C:/NFs/35210736196281000147550010000000451192202100.pdf
2021-08-06 19:15:48,969 INFO __main__ MainThread : Todos os arquivos foram zipados com sucesso!
2021-08-06 19:15:48,970 INFO __main__ MainThread : Criando objeto servidor...
2021-08-06 19:15:49,909 INFO __main__ MainThread : Login...
2021-08-06 19:15:50,324 INFO __main__ MainThread : Criando mensagem...
2021-08-06 19:15:50,325 INFO __main__ MainThread : Adicionando texto...
2021-08-06 19:15:50,325 INFO __main__ MainThread : Obtendo arquivo...
2021-08-06 19:15:50,411 INFO __main__ MainThread : Lendo arquivo...
2021-08-06 19:15:50,429 INFO __main__ MainThread : Adicionando arquivo ao email...
2021-08-06 19:15:50,429 INFO __main__ MainThread : Enviando mensagem...
2021-08-06 19:15:52,342 INFO __main__ MainThread : Mensagem enviada!
2021-08-06 19:15:52,359 INFO __main__ MainThread : Limpnado pasta temporaria...
2021-08-06 19:15:52,376 INFO __main__ MainThread : Pasta temporaria limpa com sucesso!
